# JRE version: Java(TM) SE Runtime Environment (8.0_72-b15) (build 1.8.0_72-b15)
# Java VM: Java HotSpot(TM) 64-Bit Server VM (25.72-b15 mixed mode linux-amd64 compressed oops)
Heap:
 PSYoungGen      total 841728K, used 605135K [0x000000076d000000, 0x00000007a1700000, 0x00000007c0000000)
  eden space 825344K, 72% used [0x000000076d000000,0x0000000791548cf0,0x000000079f600000)
  from space 16384K, 60% used [0x00000007a0700000,0x00000007a10ab058,0x00000007a1700000)
  to   space 16896K, 0% used [0x000000079f600000,0x000000079f600000,0x00000007a0680000)
 ParOldGen       total 171008K, used 19952K [0x00000006c7000000, 0x00000006d1700000, 0x000000076d000000)
  object space 171008K, 11% used [0x00000006c7000000,0x00000006c837c088,0x00000006d1700000)
 Metaspace       used 16810K, capacity 17406K, committed 17664K, reserved 1064960K
  class space    used 2282K, capacity 2462K, committed 2560K, reserved 1048576K
GC Heap History (10 events):
Event: 7.243 GC heap before
{Heap before GC invocations=6 (full 0):
 PSYoungGen      total 139264K, used 139231K [0x000000076d000000, 0x000000077eb00000, 0x00000007c0000000)
  eden space 129024K, 100% used [0x000000076d000000,0x0000000774e00000,0x0000000774e00000)
  from space 10240K, 99% used [0x0000000774e00000,0x00000007757f7c58,0x0000000775800000)
  to   space 15872K, 0% used [0x000000077db80000,0x000000077db80000,0x000000077eb00000)
 ParOldGen       total 171008K, used 14696K [0x00000006c7000000, 0x00000006d1700000, 0x000000076d000000)
  object space 171008K, 8% used [0x00000006c7000000,0x00000006c7e5a128,0x00000006d1700000)
 Metaspace       used 16605K, capacity 17214K, committed 17408K, reserved 1064960K
  class space    used 2282K, capacity 2462K, committed 2560K, reserved 1048576K
Event: 7.254 GC heap after
Heap after GC invocations=6 (full 0):
 PSYoungGen      total 272896K, used 12673K [0x000000076d000000, 0x000000077ea00000, 0x00000007c0000000)
  eden space 258048K, 0% used [0x000000076d000000,0x000000076d000000,0x000000077cc00000)
  from space 14848K, 85% used [0x000000077db80000,0x000000077e7e0478,0x000000077ea00000)
  to   space 15360K, 0% used [0x000000077cc00000,0x000000077cc00000,0x000000077db00000)
 ParOldGen       total 171008K, used 14696K [0x00000006c7000000, 0x00000006d1700000, 0x000000076d000000)
  object space 171008K, 8% used [0x00000006c7000000,0x00000006c7e5a128,0x00000006d1700000)
 Metaspace       used 16605K, capacity 17214K, committed 17408K, reserved 1064960K
  class space    used 2282K, capacity 2462K, committed 2560K, reserved 1048576K
}
Event: 7.858 GC heap before
{Heap before GC invocations=7 (full 0):
 PSYoungGen      total 272896K, used 270721K [0x000000076d000000, 0x000000077ea00000, 0x00000007c0000000)
  eden space 258048K, 100% used [0x000000076d000000,0x000000077cc00000,0x000000077cc00000)
  from space 14848K, 85% used [0x000000077db80000,0x000000077e7e0478,0x000000077ea00000)
  to   space 15360K, 0% used [0x000000077cc00000,0x000000077cc00000,0x000000077db00000)
 ParOldGen       total 171008K, used 14696K [0x00000006c7000000, 0x00000006d1700000, 0x000000076d000000)
  object space 171008K, 8% used [0x00000006c7000000,0x00000006c7e5a128,0x00000006d1700000)
 Metaspace       used 16645K, capacity 17214K, committed 17408K, reserved 1064960K
  class space    used 2282K, capacity 2462K, committed 2560K, reserved 1048576K
Event: 7.867 GC heap after
Heap after GC invocations=7 (full 0):
 PSYoungGen      total 273408K, used 5149K [0x000000076d000000, 0x000000078e800000, 0x00000007c0000000)
  eden space 258048K, 0% used [0x000000076d000000,0x000000076d000000,0x000000077cc00000)
  from space 15360K, 33% used [0x000000077cc00000,0x000000077d107540,0x000000077db00000)
  to   space 16384K, 0% used [0x000000078d800000,0x000000078d800000,0x000000078e800000)
 ParOldGen       total 171008K, used 19888K [0x00000006c7000000, 0x00000006d1700000, 0x000000076d000000)
  object space 171008K, 11% used [0x00000006c7000000,0x00000006c836c088,0x00000006d1700000)
 Metaspace       used 16645K, capacity 17214K, committed 17408K, reserved 1064960K
  class space    used 2282K, capacity 2462K, committed 2560K, reserved 1048576K
}
Event: 8.516 GC heap before
{Heap before GC invocations=8 (full 0):
 PSYoungGen      total 273408K, used 263197K [0x000000076d000000, 0x000000078e800000, 0x00000007c0000000)
  eden space 258048K, 100% used [0x000000076d000000,0x000000077cc00000,0x000000077cc00000)
  from space 15360K, 33% used [0x000000077cc00000,0x000000077d107540,0x000000077db00000)
  to   space 16384K, 0% used [0x000000078d800000,0x000000078d800000,0x000000078e800000)
 ParOldGen       total 171008K, used 19888K [0x00000006c7000000, 0x00000006d1700000, 0x000000076d000000)
  object space 171008K, 11% used [0x00000006c7000000,0x00000006c836c088,0x00000006d1700000)
 Metaspace       used 16691K, capacity 17342K, committed 17664K, reserved 1064960K
  class space    used 2282K, capacity 2462K, committed 2560K, reserved 1048576K
Event: 8.520 GC heap after
Heap after GC invocations=8 (full 0):
 PSYoungGen      total 531968K, used 7516K [0x000000076d000000, 0x000000078e900000, 0x00000007c0000000)
  eden space 515584K, 0% used [0x000000076d000000,0x000000076d000000,0x000000078c780000)
  from space 16384K, 45% used [0x000000078d800000,0x000000078df57020,0x000000078e800000)
  to   space 16896K, 0% used [0x000000078c780000,0x000000078c780000,0x000000078d800000)
 ParOldGen       total 171008K, used 19904K [0x00000006c7000000, 0x00000006d1700000, 0x000000076d000000)
  object space 171008K, 11% used [0x00000006c7000000,0x00000006c8370088,0x00000006d1700000)
 Metaspace       used 16691K, capacity 17342K, committed 17664K, reserved 1064960K
  class space    used 2282K, capacity 2462K, committed 2560K, reserved 1048576K
}
Event: 9.709 GC heap before
{Heap before GC invocations=9 (full 0):
 PSYoungGen      total 531968K, used 523100K [0x000000076d000000, 0x000000078e900000, 0x00000007c0000000)
  eden space 515584K, 100% used [0x000000076d000000,0x000000078c780000,0x000000078c780000)
  from space 16384K, 45% used [0x000000078d800000,0x000000078df57020,0x000000078e800000)
  to   space 16896K, 0% used [0x000000078c780000,0x000000078c780000,0x000000078d800000)
 ParOldGen       total 171008K, used 19904K [0x00000006c7000000, 0x00000006d1700000, 0x000000076d000000)
  object space 171008K, 11% used [0x00000006c7000000,0x00000006c8370088,0x00000006d1700000)
 Metaspace       used 16733K, capacity 17342K, committed 17664K, reserved 1064960K
  class space    used 2282K, capacity 2462K, committed 2560K, reserved 1048576K
Event: 9.713 GC heap after
Heap after GC invocations=9 (full 0):
 PSYoungGen      total 532480K, used 2624K [0x000000076d000000, 0x00000007a1800000, 0x00000007c0000000)
  eden space 515584K, 0% used [0x000000076d000000,0x000000076d000000,0x000000078c780000)
  from space 16896K, 15% used [0x000000078c780000,0x000000078ca10020,0x000000078d800000)
  to   space 17408K, 0% used [0x00000007a0700000,0x00000007a0700000,0x00000007a1800000)
 ParOldGen       total 171008K, used 19928K [0x00000006c7000000, 0x00000006d1700000, 0x000000076d000000)
  object space 171008K, 11% used [0x00000006c7000000,0x00000006c8376088,0x00000006d1700000)
 Metaspace       used 16733K, capacity 17342K, committed 17664K, reserved 1064960K
  class space    used 2282K, capacity 2462K, committed 2560K, reserved 1048576K
}
Event: 10.932 GC heap before
{Heap before GC invocations=10 (full 0):
 PSYoungGen      total 532480K, used 518208K [0x000000076d000000, 0x00000007a1800000, 0x00000007c0000000)
  eden space 515584K, 100% used [0x000000076d000000,0x000000078c780000,0x000000078c780000)
  from space 16896K, 15% used [0x000000078c780000,0x000000078ca10020,0x000000078d800000)
  to   space 17408K, 0% used [0x00000007a0700000,0x00000007a0700000,0x00000007a1800000)
 ParOldGen       total 171008K, used 19928K [0x00000006c7000000, 0x00000006d1700000, 0x000000076d000000)
  object space 171008K, 11% used [0x00000006c7000000,0x00000006c8376088,0x00000006d1700000)
 Metaspace       used 16777K, capacity 17406K, committed 17664K, reserved 1064960K
  class space    used 2282K, capacity 2462K, committed 2560K, reserved 1048576K
Event: 10.936 GC heap after
Heap after GC invocations=10 (full 0):
 PSYoungGen      total 841728K, used 9900K [0x000000076d000000, 0x00000007a1700000, 0x00000007c0000000)
  eden space 825344K, 0% used [0x000000076d000000,0x000000076d000000,0x000000079f600000)
  from space 16384K, 60% used [0x00000007a0700000,0x00000007a10ab058,0x00000007a1700000)
  to   space 16896K, 0% used [0x000000079f600000,0x000000079f600000,0x00000007a0680000)
 ParOldGen       total 171008K, used 19952K [0x00000006c7000000, 0x00000006d1700000, 0x000000076d000000)
  object space 171008K, 11% used [0x00000006c7000000,0x00000006c837c088,0x00000006d1700000)
 Metaspace       used 16777K, capacity 17406K, committed 17664K, reserved 1064960K
  class space    used 2282K, capacity 2462K, committed 2560K, reserved 1048576K
}

